<html>
<head>
<title>TestNG:  Surefire test</title>
<link href="../testng.css" rel="stylesheet" type="text/css" />
<link href="../my-testng.css" rel="stylesheet" type="text/css" />

<style type="text/css">
.log { display: none;} 
.stack-trace { display: none;} 
</style>
<script type="text/javascript">
<!--
function flip(e) {
  current = e.style.display;
  if (current == 'block') {
    e.style.display = 'none';
    return 0;
  }
  else {
    e.style.display = 'block';
    return 1;
  }
}

function toggleBox(szDivId, elem, msg1, msg2)
{
  var res = -1;  if (document.getElementById) {
    res = flip(document.getElementById(szDivId));
  }
  else if (document.all) {
    // this is the way old msie versions work
    res = flip(document.all[szDivId]);
  }
  if(elem) {
    if(res == 0) elem.innerHTML = msg1; else elem.innerHTML = msg2;
  }

}

function toggleAllBoxes() {
  if (document.getElementsByTagName) {
    d = document.getElementsByTagName('div');
    for (i = 0; i < d.length; i++) {
      if (d[i].className == 'log') {
        flip(d[i]);
      }
    }
  }
}

// -->
</script>

</head>
<body>
<h2 align='center'>Surefire test</h2><table border='1' align="center">
<tr>
<td>Tests passed/Failed/Skipped:</td><td>1/4/0</td>
</tr><tr>
<td>Started on:</td><td>Thu May 07 10:23:43 BST 2020</td>
</tr>
<tr><td>Total time:</td><td>201 seconds (201198 ms)</td>
</tr><tr>
<td>Included groups:</td><td></td>
</tr><tr>
<td>Excluded groups:</td><td></td>
</tr>
</table><p/>
<small><i>(Hover the method name to see the test class name)</i></small><p/>
<table width='100%' border='1' class='invocation-failed'>
<tr><td colspan='4' align='center'><b>FAILED TESTS</b></td></tr>
<tr><td><b>Test method</b></td>
<td width="30%"><b>Exception</b></td>
<td width="10%"><b>Time (seconds)</b></td>
<td><b>Instance</b></td>
</tr>
<tr>
<td title='com.Test.Runners.RegisterRunner.runScenario()'><b>runScenario</b><br>Test class: com.Test.Runners.RegisterRunner<br>Test method: Runs Cucumber Scenarios<br>Parameters: "Successful Single Register", "Validate the Register functionality of PHP Travels User for positive and negative scenarios"</td>
<td><div><pre>org.openqa.selenium.TimeoutException: Expected condition failed: waiting for title to contain &quot;Account&quot;. Current title: &quot;Register&quot; (tried for 30 second(s) with 500 milliseconds interval)
Build info: version: &apos;3.141.59&apos;, revision: &apos;e82be7d358&apos;, time: &apos;2018-11-14T08:17:03&apos;
System info: host: &apos;LAPTOP-6O86QRAT&apos;, ip: &apos;192.168.0.20&apos;, os.name: &apos;Windows 10&apos;, os.arch: &apos;amd64&apos;, os.version: &apos;10.0&apos;, java.version: &apos;14.0.1&apos;
Driver info: org.openqa.selenium.chrome.ChromeDriver
Capabilities {acceptInsecureCerts: true, browserName: chrome, browserVersion: 81.0.4044.129, chrome: {chromedriverVersion: 81.0.4044.138 (8c6c7ba89cc9..., userDataDir: C:\Users\sadiy\AppData\Loca...}, goog:chromeOptions: {debuggerAddress: localhost:50973}, javascriptEnabled: true, networkConnectionEnabled: false, pageLoadStrategy: normal, platform: WINDOWS, platformName: WINDOWS, proxy: Proxy(), setWindowRect: true, strictFileInteractability: false, timeouts: {implicit: 0, pageLoad: 300000, script: 30000}, unhandledPromptBehavior: dismiss and notify, webauthn:virtualAuthenticators: true}
Session ID: 487833eca7b618bef9351f48d68929e7
	at org.openqa.selenium.support.ui.WebDriverWait.timeoutException(WebDriverWait.java:95)
	at org.openqa.selenium.support.ui.FluentWait.until(FluentWait.java:272)
	at com.Project.Framework.Factory.BasePage.navigateTo(BasePage.java:29)
	at com.Test.Steps.RegisterSteps.click_on_the_Signup_button(RegisterSteps.java:58)
	at ?.click on the Signup button(file:///C:/Users/sadiy/eclipse-workspace/CucumberProject/src/test/java/com/Test/Features/Register.feature:15)
</pre></div><a href='#' onClick='toggleBox("stack-trace971404566", this, "Click to show all stack frames", "Click to hide stack frames")'>Click to show all stack frames</a>
<div class='stack-trace' id='stack-trace971404566'><pre>org.openqa.selenium.TimeoutException: Expected condition failed: waiting for title to contain &quot;Account&quot;. Current title: &quot;Register&quot; (tried for 30 second(s) with 500 milliseconds interval)
Build info: version: &apos;3.141.59&apos;, revision: &apos;e82be7d358&apos;, time: &apos;2018-11-14T08:17:03&apos;
System info: host: &apos;LAPTOP-6O86QRAT&apos;, ip: &apos;192.168.0.20&apos;, os.name: &apos;Windows 10&apos;, os.arch: &apos;amd64&apos;, os.version: &apos;10.0&apos;, java.version: &apos;14.0.1&apos;
Driver info: org.openqa.selenium.chrome.ChromeDriver
Capabilities {acceptInsecureCerts: true, browserName: chrome, browserVersion: 81.0.4044.129, chrome: {chromedriverVersion: 81.0.4044.138 (8c6c7ba89cc9..., userDataDir: C:\Users\sadiy\AppData\Loca...}, goog:chromeOptions: {debuggerAddress: localhost:50973}, javascriptEnabled: true, networkConnectionEnabled: false, pageLoadStrategy: normal, platform: WINDOWS, platformName: WINDOWS, proxy: Proxy(), setWindowRect: true, strictFileInteractability: false, timeouts: {implicit: 0, pageLoad: 300000, script: 30000}, unhandledPromptBehavior: dismiss and notify, webauthn:virtualAuthenticators: true}
Session ID: 487833eca7b618bef9351f48d68929e7
	at org.openqa.selenium.support.ui.WebDriverWait.timeoutException(WebDriverWait.java:95)
	at org.openqa.selenium.support.ui.FluentWait.until(FluentWait.java:272)
	at com.Project.Framework.Factory.BasePage.navigateTo(BasePage.java:29)
	at com.Test.Steps.RegisterSteps.click_on_the_Signup_button(RegisterSteps.java:58)
	at ?.click on the Signup button(file:///C:/Users/sadiy/eclipse-workspace/CucumberProject/src/test/java/com/Test/Features/Register.feature:15)
</pre></div></td>
<td>50</td>
<td>com.Test.Runners.RegisterRunner@646be2c3</td></tr>
<tr>
<td title='com.Test.Runners.RegisterRunner.runScenario()'><b>runScenario</b><br>Test class: com.Test.Runners.RegisterRunner<br>Test method: Runs Cucumber Scenarios<br>Parameters: "Successful Multiple Register", "Validate the Register functionality of PHP Travels User for positive and negative scenarios"</td>
<td><div><pre>org.openqa.selenium.TimeoutException: Expected condition failed: waiting for title to contain &quot;Account&quot;. Current title: &quot;Register&quot; (tried for 30 second(s) with 500 milliseconds interval)
Build info: version: &apos;3.141.59&apos;, revision: &apos;e82be7d358&apos;, time: &apos;2018-11-14T08:17:03&apos;
System info: host: &apos;LAPTOP-6O86QRAT&apos;, ip: &apos;192.168.0.20&apos;, os.name: &apos;Windows 10&apos;, os.arch: &apos;amd64&apos;, os.version: &apos;10.0&apos;, java.version: &apos;14.0.1&apos;
Driver info: org.openqa.selenium.chrome.ChromeDriver
Capabilities {acceptInsecureCerts: true, browserName: chrome, browserVersion: 81.0.4044.129, chrome: {chromedriverVersion: 81.0.4044.138 (8c6c7ba89cc9..., userDataDir: C:\Users\sadiy\AppData\Loca...}, goog:chromeOptions: {debuggerAddress: localhost:51150}, javascriptEnabled: true, networkConnectionEnabled: false, pageLoadStrategy: normal, platform: WINDOWS, platformName: WINDOWS, proxy: Proxy(), setWindowRect: true, strictFileInteractability: false, timeouts: {implicit: 0, pageLoad: 300000, script: 30000}, unhandledPromptBehavior: dismiss and notify, webauthn:virtualAuthenticators: true}
Session ID: d10d3140010616d32fd27ec61b0900d1
	at org.openqa.selenium.support.ui.WebDriverWait.timeoutException(WebDriverWait.java:95)
	at org.openqa.selenium.support.ui.FluentWait.until(FluentWait.java:272)
	at com.Project.Framework.Factory.BasePage.navigateTo(BasePage.java:29)
	at com.Test.Steps.RegisterSteps.click_on_the_Signup_button(RegisterSteps.java:58)
	at ?.click on the Signup button(file:///C:/Users/sadiy/eclipse-workspace/CucumberProject/src/test/java/com/Test/Features/Register.feature:23)
</pre></div><a href='#' onClick='toggleBox("stack-trace1188445627", this, "Click to show all stack frames", "Click to hide stack frames")'>Click to show all stack frames</a>
<div class='stack-trace' id='stack-trace1188445627'><pre>org.openqa.selenium.TimeoutException: Expected condition failed: waiting for title to contain &quot;Account&quot;. Current title: &quot;Register&quot; (tried for 30 second(s) with 500 milliseconds interval)
Build info: version: &apos;3.141.59&apos;, revision: &apos;e82be7d358&apos;, time: &apos;2018-11-14T08:17:03&apos;
System info: host: &apos;LAPTOP-6O86QRAT&apos;, ip: &apos;192.168.0.20&apos;, os.name: &apos;Windows 10&apos;, os.arch: &apos;amd64&apos;, os.version: &apos;10.0&apos;, java.version: &apos;14.0.1&apos;
Driver info: org.openqa.selenium.chrome.ChromeDriver
Capabilities {acceptInsecureCerts: true, browserName: chrome, browserVersion: 81.0.4044.129, chrome: {chromedriverVersion: 81.0.4044.138 (8c6c7ba89cc9..., userDataDir: C:\Users\sadiy\AppData\Loca...}, goog:chromeOptions: {debuggerAddress: localhost:51150}, javascriptEnabled: true, networkConnectionEnabled: false, pageLoadStrategy: normal, platform: WINDOWS, platformName: WINDOWS, proxy: Proxy(), setWindowRect: true, strictFileInteractability: false, timeouts: {implicit: 0, pageLoad: 300000, script: 30000}, unhandledPromptBehavior: dismiss and notify, webauthn:virtualAuthenticators: true}
Session ID: d10d3140010616d32fd27ec61b0900d1
	at org.openqa.selenium.support.ui.WebDriverWait.timeoutException(WebDriverWait.java:95)
	at org.openqa.selenium.support.ui.FluentWait.until(FluentWait.java:272)
	at com.Project.Framework.Factory.BasePage.navigateTo(BasePage.java:29)
	at com.Test.Steps.RegisterSteps.click_on_the_Signup_button(RegisterSteps.java:58)
	at ?.click on the Signup button(file:///C:/Users/sadiy/eclipse-workspace/CucumberProject/src/test/java/com/Test/Features/Register.feature:23)
</pre></div></td>
<td>44</td>
<td>com.Test.Runners.RegisterRunner@646be2c3</td></tr>
<tr>
<td title='com.Test.Runners.RegisterRunner.runScenario()'><b>runScenario</b><br>Test class: com.Test.Runners.RegisterRunner<br>Test method: Runs Cucumber Scenarios<br>Parameters: "Successful Multiple Register", "Validate the Register functionality of PHP Travels User for positive and negative scenarios"</td>
<td><div><pre>org.openqa.selenium.TimeoutException: Expected condition failed: waiting for title to contain &quot;Account&quot;. Current title: &quot;Register&quot; (tried for 30 second(s) with 500 milliseconds interval)
Build info: version: &apos;3.141.59&apos;, revision: &apos;e82be7d358&apos;, time: &apos;2018-11-14T08:17:03&apos;
System info: host: &apos;LAPTOP-6O86QRAT&apos;, ip: &apos;192.168.0.20&apos;, os.name: &apos;Windows 10&apos;, os.arch: &apos;amd64&apos;, os.version: &apos;10.0&apos;, java.version: &apos;14.0.1&apos;
Driver info: org.openqa.selenium.chrome.ChromeDriver
Capabilities {acceptInsecureCerts: true, browserName: chrome, browserVersion: 81.0.4044.129, chrome: {chromedriverVersion: 81.0.4044.138 (8c6c7ba89cc9..., userDataDir: C:\Users\sadiy\AppData\Loca...}, goog:chromeOptions: {debuggerAddress: localhost:51185}, javascriptEnabled: true, networkConnectionEnabled: false, pageLoadStrategy: normal, platform: WINDOWS, platformName: WINDOWS, proxy: Proxy(), setWindowRect: true, strictFileInteractability: false, timeouts: {implicit: 0, pageLoad: 300000, script: 30000}, unhandledPromptBehavior: dismiss and notify, webauthn:virtualAuthenticators: true}
Session ID: cbd97eca900dd901091b7ecb37cbc619
	at org.openqa.selenium.support.ui.WebDriverWait.timeoutException(WebDriverWait.java:95)
	at org.openqa.selenium.support.ui.FluentWait.until(FluentWait.java:272)
	at com.Project.Framework.Factory.BasePage.navigateTo(BasePage.java:29)
	at com.Test.Steps.RegisterSteps.click_on_the_Signup_button(RegisterSteps.java:58)
	at ?.click on the Signup button(file:///C:/Users/sadiy/eclipse-workspace/CucumberProject/src/test/java/com/Test/Features/Register.feature:23)
</pre></div><a href='#' onClick='toggleBox("stack-trace1192603187", this, "Click to show all stack frames", "Click to hide stack frames")'>Click to show all stack frames</a>
<div class='stack-trace' id='stack-trace1192603187'><pre>org.openqa.selenium.TimeoutException: Expected condition failed: waiting for title to contain &quot;Account&quot;. Current title: &quot;Register&quot; (tried for 30 second(s) with 500 milliseconds interval)
Build info: version: &apos;3.141.59&apos;, revision: &apos;e82be7d358&apos;, time: &apos;2018-11-14T08:17:03&apos;
System info: host: &apos;LAPTOP-6O86QRAT&apos;, ip: &apos;192.168.0.20&apos;, os.name: &apos;Windows 10&apos;, os.arch: &apos;amd64&apos;, os.version: &apos;10.0&apos;, java.version: &apos;14.0.1&apos;
Driver info: org.openqa.selenium.chrome.ChromeDriver
Capabilities {acceptInsecureCerts: true, browserName: chrome, browserVersion: 81.0.4044.129, chrome: {chromedriverVersion: 81.0.4044.138 (8c6c7ba89cc9..., userDataDir: C:\Users\sadiy\AppData\Loca...}, goog:chromeOptions: {debuggerAddress: localhost:51185}, javascriptEnabled: true, networkConnectionEnabled: false, pageLoadStrategy: normal, platform: WINDOWS, platformName: WINDOWS, proxy: Proxy(), setWindowRect: true, strictFileInteractability: false, timeouts: {implicit: 0, pageLoad: 300000, script: 30000}, unhandledPromptBehavior: dismiss and notify, webauthn:virtualAuthenticators: true}
Session ID: cbd97eca900dd901091b7ecb37cbc619
	at org.openqa.selenium.support.ui.WebDriverWait.timeoutException(WebDriverWait.java:95)
	at org.openqa.selenium.support.ui.FluentWait.until(FluentWait.java:272)
	at com.Project.Framework.Factory.BasePage.navigateTo(BasePage.java:29)
	at com.Test.Steps.RegisterSteps.click_on_the_Signup_button(RegisterSteps.java:58)
	at ?.click on the Signup button(file:///C:/Users/sadiy/eclipse-workspace/CucumberProject/src/test/java/com/Test/Features/Register.feature:23)
</pre></div></td>
<td>44</td>
<td>com.Test.Runners.RegisterRunner@646be2c3</td></tr>
<tr>
<td title='com.Test.Runners.RegisterRunner.runScenario()'><b>runScenario</b><br>Test class: com.Test.Runners.RegisterRunner<br>Test method: Runs Cucumber Scenarios<br>Parameters: "Successful Multiple Register", "Validate the Register functionality of PHP Travels User for positive and negative scenarios"</td>
<td><div><pre>org.openqa.selenium.TimeoutException: Expected condition failed: waiting for title to contain &quot;Account&quot;. Current title: &quot;Register&quot; (tried for 30 second(s) with 500 milliseconds interval)
Build info: version: &apos;3.141.59&apos;, revision: &apos;e82be7d358&apos;, time: &apos;2018-11-14T08:17:03&apos;
System info: host: &apos;LAPTOP-6O86QRAT&apos;, ip: &apos;192.168.0.20&apos;, os.name: &apos;Windows 10&apos;, os.arch: &apos;amd64&apos;, os.version: &apos;10.0&apos;, java.version: &apos;14.0.1&apos;
Driver info: org.openqa.selenium.chrome.ChromeDriver
Capabilities {acceptInsecureCerts: true, browserName: chrome, browserVersion: 81.0.4044.129, chrome: {chromedriverVersion: 81.0.4044.138 (8c6c7ba89cc9..., userDataDir: C:\Users\sadiy\AppData\Loca...}, goog:chromeOptions: {debuggerAddress: localhost:51221}, javascriptEnabled: true, networkConnectionEnabled: false, pageLoadStrategy: normal, platform: WINDOWS, platformName: WINDOWS, proxy: Proxy(), setWindowRect: true, strictFileInteractability: false, timeouts: {implicit: 0, pageLoad: 300000, script: 30000}, unhandledPromptBehavior: dismiss and notify, webauthn:virtualAuthenticators: true}
Session ID: f77ffe092dd6edd138d8db7a94cdc537
	at org.openqa.selenium.support.ui.WebDriverWait.timeoutException(WebDriverWait.java:95)
	at org.openqa.selenium.support.ui.FluentWait.until(FluentWait.java:272)
	at com.Project.Framework.Factory.BasePage.navigateTo(BasePage.java:29)
	at com.Test.Steps.RegisterSteps.click_on_the_Signup_button(RegisterSteps.java:58)
	at ?.click on the Signup button(file:///C:/Users/sadiy/eclipse-workspace/CucumberProject/src/test/java/com/Test/Features/Register.feature:23)
</pre></div><a href='#' onClick='toggleBox("stack-trace182639397", this, "Click to show all stack frames", "Click to hide stack frames")'>Click to show all stack frames</a>
<div class='stack-trace' id='stack-trace182639397'><pre>org.openqa.selenium.TimeoutException: Expected condition failed: waiting for title to contain &quot;Account&quot;. Current title: &quot;Register&quot; (tried for 30 second(s) with 500 milliseconds interval)
Build info: version: &apos;3.141.59&apos;, revision: &apos;e82be7d358&apos;, time: &apos;2018-11-14T08:17:03&apos;
System info: host: &apos;LAPTOP-6O86QRAT&apos;, ip: &apos;192.168.0.20&apos;, os.name: &apos;Windows 10&apos;, os.arch: &apos;amd64&apos;, os.version: &apos;10.0&apos;, java.version: &apos;14.0.1&apos;
Driver info: org.openqa.selenium.chrome.ChromeDriver
Capabilities {acceptInsecureCerts: true, browserName: chrome, browserVersion: 81.0.4044.129, chrome: {chromedriverVersion: 81.0.4044.138 (8c6c7ba89cc9..., userDataDir: C:\Users\sadiy\AppData\Loca...}, goog:chromeOptions: {debuggerAddress: localhost:51221}, javascriptEnabled: true, networkConnectionEnabled: false, pageLoadStrategy: normal, platform: WINDOWS, platformName: WINDOWS, proxy: Proxy(), setWindowRect: true, strictFileInteractability: false, timeouts: {implicit: 0, pageLoad: 300000, script: 30000}, unhandledPromptBehavior: dismiss and notify, webauthn:virtualAuthenticators: true}
Session ID: f77ffe092dd6edd138d8db7a94cdc537
	at org.openqa.selenium.support.ui.WebDriverWait.timeoutException(WebDriverWait.java:95)
	at org.openqa.selenium.support.ui.FluentWait.until(FluentWait.java:272)
	at com.Project.Framework.Factory.BasePage.navigateTo(BasePage.java:29)
	at com.Test.Steps.RegisterSteps.click_on_the_Signup_button(RegisterSteps.java:58)
	at ?.click on the Signup button(file:///C:/Users/sadiy/eclipse-workspace/CucumberProject/src/test/java/com/Test/Features/Register.feature:23)
</pre></div></td>
<td>45</td>
<td>com.Test.Runners.RegisterRunner@646be2c3</td></tr>
</table><p>
<table width='100%' border='1' class='invocation-passed'>
<tr><td colspan='4' align='center'><b>PASSED TESTS</b></td></tr>
<tr><td><b>Test method</b></td>
<td width="30%"><b>Exception</b></td>
<td width="10%"><b>Time (seconds)</b></td>
<td><b>Instance</b></td>
</tr>
<tr>
<td title='com.Test.Runners.RegisterRunner.runScenario()'><b>runScenario</b><br>Test class: com.Test.Runners.RegisterRunner<br>Test method: Runs Cucumber Scenarios<br>Parameters: "Already registered", "Validate the Register functionality of PHP Travels User for positive and negative scenarios"</td>
<td></td>
<td>15</td>
<td>com.Test.Runners.RegisterRunner@646be2c3</td></tr>
</table><p>
</body>
</html>